09:04:00.962 [info] Child {LoggerFileBackend, :general_log} of Supervisor Logger.Backends.Supervisor started
Pid: #PID<0.119.0>
Start Call: Logger.Backends.Watcher.start_link({{LoggerFileBackend, :general_log}, {LoggerFileBackend, :general_log}})
Restart: :transient
Shutdown: 5000
Type: :worker
09:04:00.962 [info] Child Logger.Backends.Supervisor of Supervisor Logger.Backends.Internal started
Pid: #PID<0.118.0>
Start Call: Logger.Backends.Supervisor.start_link([{LoggerFileBackend, :general_log}])
Restart: :permanent
Shutdown: :infinity
Type: :supervisor
09:04:00.962 [info] Child Logger.Backends.Internal of Supervisor Logger.Supervisor started
Pid: #PID<0.114.0>
Start Call: Logger.Backends.Internal.start_link([])
Restart: :permanent
Shutdown: :infinity
Type: :supervisor
09:04:00.962 [info] Application logger started at :nonode@nohost
09:04:02.438 [error] FATAL: Lexical is not compatible with Erlang/OTP 26.0.0

Lexical is compatible with the following versions of Erlang/OTP:

  >= 24.3.4
  >= 25.0.0
  >= 26.0.2
  >= 27.0.0

09:04:03.279 [info] Child {LoggerFileBackend, :general_log} of Supervisor Logger.Backends.Supervisor started
Pid: #PID<0.119.0>
Start Call: Logger.Backends.Watcher.start_link({{LoggerFileBackend, :general_log}, {LoggerFileBackend, :general_log}})
Restart: :transient
Shutdown: 5000
Type: :worker
09:04:03.279 [info] Child Logger.Backends.Supervisor of Supervisor Logger.Backends.Internal started
Pid: #PID<0.118.0>
Start Call: Logger.Backends.Supervisor.start_link([{LoggerFileBackend, :general_log}])
Restart: :permanent
Shutdown: :infinity
Type: :supervisor
09:04:03.279 [info] Child Logger.Backends.Internal of Supervisor Logger.Supervisor started
Pid: #PID<0.114.0>
Start Call: Logger.Backends.Internal.start_link([])
Restart: :permanent
Shutdown: :infinity
Type: :supervisor
09:04:03.279 [info] Application logger started at :nonode@nohost
09:04:04.481 [error] FATAL: Lexical is not compatible with Erlang/OTP 26.0.0

Lexical is compatible with the following versions of Erlang/OTP:

  >= 24.3.4
  >= 25.0.0
  >= 26.0.2
  >= 27.0.0

09:04:05.744 [info] Child {LoggerFileBackend, :general_log} of Supervisor Logger.Backends.Supervisor started
Pid: #PID<0.119.0>
Start Call: Logger.Backends.Watcher.start_link({{LoggerFileBackend, :general_log}, {LoggerFileBackend, :general_log}})
Restart: :transient
Shutdown: 5000
Type: :worker
09:04:05.744 [info] Child Logger.Backends.Supervisor of Supervisor Logger.Backends.Internal started
Pid: #PID<0.118.0>
Start Call: Logger.Backends.Supervisor.start_link([{LoggerFileBackend, :general_log}])
Restart: :permanent
Shutdown: :infinity
Type: :supervisor
09:04:05.744 [info] Child Logger.Backends.Internal of Supervisor Logger.Supervisor started
Pid: #PID<0.114.0>
Start Call: Logger.Backends.Internal.start_link([])
Restart: :permanent
Shutdown: :infinity
Type: :supervisor
09:04:05.744 [info] Application logger started at :nonode@nohost
09:04:06.882 [error] FATAL: Lexical is not compatible with Erlang/OTP 26.0.0

Lexical is compatible with the following versions of Erlang/OTP:

  >= 24.3.4
  >= 25.0.0
  >= 26.0.2
  >= 27.0.0

09:04:07.717 [info] Child {LoggerFileBackend, :general_log} of Supervisor Logger.Backends.Supervisor started
Pid: #PID<0.119.0>
Start Call: Logger.Backends.Watcher.start_link({{LoggerFileBackend, :general_log}, {LoggerFileBackend, :general_log}})
Restart: :transient
Shutdown: 5000
Type: :worker
09:04:07.717 [info] Child Logger.Backends.Supervisor of Supervisor Logger.Backends.Internal started
Pid: #PID<0.118.0>
Start Call: Logger.Backends.Supervisor.start_link([{LoggerFileBackend, :general_log}])
Restart: :permanent
Shutdown: :infinity
Type: :supervisor
09:04:07.717 [info] Child Logger.Backends.Internal of Supervisor Logger.Supervisor started
Pid: #PID<0.114.0>
Start Call: Logger.Backends.Internal.start_link([])
Restart: :permanent
Shutdown: :infinity
Type: :supervisor
09:04:07.717 [info] Application logger started at :nonode@nohost
09:04:08.760 [error] FATAL: Lexical is not compatible with Erlang/OTP 26.0.0

Lexical is compatible with the following versions of Erlang/OTP:

  >= 24.3.4
  >= 25.0.0
  >= 26.0.2
  >= 27.0.0

09:04:09.610 [info] Child {LoggerFileBackend, :general_log} of Supervisor Logger.Backends.Supervisor started
Pid: #PID<0.119.0>
Start Call: Logger.Backends.Watcher.start_link({{LoggerFileBackend, :general_log}, {LoggerFileBackend, :general_log}})
Restart: :transient
Shutdown: 5000
Type: :worker
09:04:09.611 [info] Child Logger.Backends.Supervisor of Supervisor Logger.Backends.Internal started
Pid: #PID<0.118.0>
Start Call: Logger.Backends.Supervisor.start_link([{LoggerFileBackend, :general_log}])
Restart: :permanent
Shutdown: :infinity
Type: :supervisor
09:04:09.611 [info] Child Logger.Backends.Internal of Supervisor Logger.Supervisor started
Pid: #PID<0.114.0>
Start Call: Logger.Backends.Internal.start_link([])
Restart: :permanent
Shutdown: :infinity
Type: :supervisor
09:04:09.611 [info] Application logger started at :nonode@nohost
09:04:10.660 [error] FATAL: Lexical is not compatible with Erlang/OTP 26.0.0

Lexical is compatible with the following versions of Erlang/OTP:

  >= 24.3.4
  >= 25.0.0
  >= 26.0.2
  >= 27.0.0

09:57:52.100 [info] Child {LoggerFileBackend, :general_log} of Supervisor Logger.Backends.Supervisor started
Pid: #PID<0.119.0>
Start Call: Logger.Backends.Watcher.start_link({{LoggerFileBackend, :general_log}, {LoggerFileBackend, :general_log}})
Restart: :transient
Shutdown: 5000
Type: :worker
09:57:52.100 [info] Child Logger.Backends.Supervisor of Supervisor Logger.Backends.Internal started
Pid: #PID<0.118.0>
Start Call: Logger.Backends.Supervisor.start_link([{LoggerFileBackend, :general_log}])
Restart: :permanent
Shutdown: :infinity
Type: :supervisor
09:57:52.100 [info] Child Logger.Backends.Internal of Supervisor Logger.Supervisor started
Pid: #PID<0.114.0>
Start Call: Logger.Backends.Internal.start_link([])
Restart: :permanent
Shutdown: :infinity
Type: :supervisor
09:57:52.100 [info] Application logger started at :nonode@nohost
09:57:53.462 [error] FATAL: Lexical is not compatible with Erlang/OTP 26.0.0

Lexical is compatible with the following versions of Erlang/OTP:

  >= 24.3.4
  >= 25.0.0
  >= 26.0.2
  >= 27.0.0

09:57:54.518 [info] Child {LoggerFileBackend, :general_log} of Supervisor Logger.Backends.Supervisor started
Pid: #PID<0.119.0>
Start Call: Logger.Backends.Watcher.start_link({{LoggerFileBackend, :general_log}, {LoggerFileBackend, :general_log}})
Restart: :transient
Shutdown: 5000
Type: :worker
09:57:54.518 [info] Child Logger.Backends.Supervisor of Supervisor Logger.Backends.Internal started
Pid: #PID<0.118.0>
Start Call: Logger.Backends.Supervisor.start_link([{LoggerFileBackend, :general_log}])
Restart: :permanent
Shutdown: :infinity
Type: :supervisor
09:57:54.518 [info] Child Logger.Backends.Internal of Supervisor Logger.Supervisor started
Pid: #PID<0.114.0>
Start Call: Logger.Backends.Internal.start_link([])
Restart: :permanent
Shutdown: :infinity
Type: :supervisor
09:57:54.518 [info] Application logger started at :nonode@nohost
09:57:55.879 [error] FATAL: Lexical is not compatible with Erlang/OTP 26.0.0

Lexical is compatible with the following versions of Erlang/OTP:

  >= 24.3.4
  >= 25.0.0
  >= 26.0.2
  >= 27.0.0

09:57:57.385 [info] Child {LoggerFileBackend, :general_log} of Supervisor Logger.Backends.Supervisor started
Pid: #PID<0.119.0>
Start Call: Logger.Backends.Watcher.start_link({{LoggerFileBackend, :general_log}, {LoggerFileBackend, :general_log}})
Restart: :transient
Shutdown: 5000
Type: :worker
09:57:57.385 [info] Child Logger.Backends.Supervisor of Supervisor Logger.Backends.Internal started
Pid: #PID<0.118.0>
Start Call: Logger.Backends.Supervisor.start_link([{LoggerFileBackend, :general_log}])
Restart: :permanent
Shutdown: :infinity
Type: :supervisor
09:57:57.385 [info] Child Logger.Backends.Internal of Supervisor Logger.Supervisor started
Pid: #PID<0.114.0>
Start Call: Logger.Backends.Internal.start_link([])
Restart: :permanent
Shutdown: :infinity
Type: :supervisor
09:57:57.385 [info] Application logger started at :nonode@nohost
09:57:58.822 [error] FATAL: Lexical is not compatible with Erlang/OTP 26.0.0

Lexical is compatible with the following versions of Erlang/OTP:

  >= 24.3.4
  >= 25.0.0
  >= 26.0.2
  >= 27.0.0

09:57:59.788 [info] Child {LoggerFileBackend, :general_log} of Supervisor Logger.Backends.Supervisor started
Pid: #PID<0.119.0>
Start Call: Logger.Backends.Watcher.start_link({{LoggerFileBackend, :general_log}, {LoggerFileBackend, :general_log}})
Restart: :transient
Shutdown: 5000
Type: :worker
09:57:59.788 [info] Child Logger.Backends.Supervisor of Supervisor Logger.Backends.Internal started
Pid: #PID<0.118.0>
Start Call: Logger.Backends.Supervisor.start_link([{LoggerFileBackend, :general_log}])
Restart: :permanent
Shutdown: :infinity
Type: :supervisor
09:57:59.788 [info] Child Logger.Backends.Internal of Supervisor Logger.Supervisor started
Pid: #PID<0.114.0>
Start Call: Logger.Backends.Internal.start_link([])
Restart: :permanent
Shutdown: :infinity
Type: :supervisor
09:57:59.788 [info] Application logger started at :nonode@nohost
09:58:00.969 [error] FATAL: Lexical is not compatible with Erlang/OTP 26.0.0

Lexical is compatible with the following versions of Erlang/OTP:

  >= 24.3.4
  >= 25.0.0
  >= 26.0.2
  >= 27.0.0

09:58:01.865 [info] Child {LoggerFileBackend, :general_log} of Supervisor Logger.Backends.Supervisor started
Pid: #PID<0.119.0>
Start Call: Logger.Backends.Watcher.start_link({{LoggerFileBackend, :general_log}, {LoggerFileBackend, :general_log}})
Restart: :transient
Shutdown: 5000
Type: :worker
09:58:01.866 [info] Child Logger.Backends.Supervisor of Supervisor Logger.Backends.Internal started
Pid: #PID<0.118.0>
Start Call: Logger.Backends.Supervisor.start_link([{LoggerFileBackend, :general_log}])
Restart: :permanent
Shutdown: :infinity
Type: :supervisor
09:58:01.866 [info] Child Logger.Backends.Internal of Supervisor Logger.Supervisor started
Pid: #PID<0.114.0>
Start Call: Logger.Backends.Internal.start_link([])
Restart: :permanent
Shutdown: :infinity
Type: :supervisor
09:58:01.866 [info] Application logger started at :nonode@nohost
09:58:03.194 [error] FATAL: Lexical is not compatible with Erlang/OTP 26.0.0

Lexical is compatible with the following versions of Erlang/OTP:

  >= 24.3.4
  >= 25.0.0
  >= 26.0.2
  >= 27.0.0

09:32:38.945 [info] Child {LoggerFileBackend, :general_log} of Supervisor Logger.Backends.Supervisor started
Pid: #PID<0.119.0>
Start Call: Logger.Backends.Watcher.start_link({{LoggerFileBackend, :general_log}, {LoggerFileBackend, :general_log}})
Restart: :transient
Shutdown: 5000
Type: :worker
09:32:38.945 [info] Child Logger.Backends.Supervisor of Supervisor Logger.Backends.Internal started
Pid: #PID<0.118.0>
Start Call: Logger.Backends.Supervisor.start_link([{LoggerFileBackend, :general_log}])
Restart: :permanent
Shutdown: :infinity
Type: :supervisor
09:32:38.945 [info] Child Logger.Backends.Internal of Supervisor Logger.Supervisor started
Pid: #PID<0.114.0>
Start Call: Logger.Backends.Internal.start_link([])
Restart: :permanent
Shutdown: :infinity
Type: :supervisor
09:32:38.945 [info] Application logger started at :nonode@nohost
09:32:40.409 [error] FATAL: Lexical is not compatible with Erlang/OTP 26.0.0

Lexical is compatible with the following versions of Erlang/OTP:

  >= 24.3.4
  >= 25.0.0
  >= 26.0.2
  >= 27.0.0

09:32:41.314 [info] Child {LoggerFileBackend, :general_log} of Supervisor Logger.Backends.Supervisor started
Pid: #PID<0.119.0>
Start Call: Logger.Backends.Watcher.start_link({{LoggerFileBackend, :general_log}, {LoggerFileBackend, :general_log}})
Restart: :transient
Shutdown: 5000
Type: :worker
09:32:41.314 [info] Child Logger.Backends.Supervisor of Supervisor Logger.Backends.Internal started
Pid: #PID<0.118.0>
Start Call: Logger.Backends.Supervisor.start_link([{LoggerFileBackend, :general_log}])
Restart: :permanent
Shutdown: :infinity
Type: :supervisor
09:32:41.314 [info] Child Logger.Backends.Internal of Supervisor Logger.Supervisor started
Pid: #PID<0.114.0>
Start Call: Logger.Backends.Internal.start_link([])
Restart: :permanent
Shutdown: :infinity
Type: :supervisor
09:32:41.314 [info] Application logger started at :nonode@nohost
09:32:42.927 [error] FATAL: Lexical is not compatible with Erlang/OTP 26.0.0

Lexical is compatible with the following versions of Erlang/OTP:

  >= 24.3.4
  >= 25.0.0
  >= 26.0.2
  >= 27.0.0

09:32:44.129 [info] Child {LoggerFileBackend, :general_log} of Supervisor Logger.Backends.Supervisor started
Pid: #PID<0.119.0>
Start Call: Logger.Backends.Watcher.start_link({{LoggerFileBackend, :general_log}, {LoggerFileBackend, :general_log}})
Restart: :transient
Shutdown: 5000
Type: :worker
09:32:44.129 [info] Child Logger.Backends.Supervisor of Supervisor Logger.Backends.Internal started
Pid: #PID<0.118.0>
Start Call: Logger.Backends.Supervisor.start_link([{LoggerFileBackend, :general_log}])
Restart: :permanent
Shutdown: :infinity
Type: :supervisor
09:32:44.129 [info] Child Logger.Backends.Internal of Supervisor Logger.Supervisor started
Pid: #PID<0.114.0>
Start Call: Logger.Backends.Internal.start_link([])
Restart: :permanent
Shutdown: :infinity
Type: :supervisor
09:32:44.129 [info] Application logger started at :nonode@nohost
09:32:45.356 [error] FATAL: Lexical is not compatible with Erlang/OTP 26.0.0

Lexical is compatible with the following versions of Erlang/OTP:

  >= 24.3.4
  >= 25.0.0
  >= 26.0.2
  >= 27.0.0

09:33:03.500 [info] Child {LoggerFileBackend, :general_log} of Supervisor Logger.Backends.Supervisor started
Pid: #PID<0.119.0>
Start Call: Logger.Backends.Watcher.start_link({{LoggerFileBackend, :general_log}, {LoggerFileBackend, :general_log}})
Restart: :transient
Shutdown: 5000
Type: :worker
09:33:03.501 [info] Child Logger.Backends.Supervisor of Supervisor Logger.Backends.Internal started
Pid: #PID<0.118.0>
Start Call: Logger.Backends.Supervisor.start_link([{LoggerFileBackend, :general_log}])
Restart: :permanent
Shutdown: :infinity
Type: :supervisor
09:33:03.501 [info] Child Logger.Backends.Internal of Supervisor Logger.Supervisor started
Pid: #PID<0.114.0>
Start Call: Logger.Backends.Internal.start_link([])
Restart: :permanent
Shutdown: :infinity
Type: :supervisor
09:33:03.501 [info] Application logger started at :nonode@nohost
09:33:04.665 [error] FATAL: Lexical is not compatible with Erlang/OTP 26.0.0

Lexical is compatible with the following versions of Erlang/OTP:

  >= 24.3.4
  >= 25.0.0
  >= 26.0.2
  >= 27.0.0

09:33:05.594 [info] Child {LoggerFileBackend, :general_log} of Supervisor Logger.Backends.Supervisor started
Pid: #PID<0.119.0>
Start Call: Logger.Backends.Watcher.start_link({{LoggerFileBackend, :general_log}, {LoggerFileBackend, :general_log}})
Restart: :transient
Shutdown: 5000
Type: :worker
09:33:05.595 [info] Child Logger.Backends.Supervisor of Supervisor Logger.Backends.Internal started
Pid: #PID<0.118.0>
Start Call: Logger.Backends.Supervisor.start_link([{LoggerFileBackend, :general_log}])
Restart: :permanent
Shutdown: :infinity
Type: :supervisor
09:33:05.595 [info] Child Logger.Backends.Internal of Supervisor Logger.Supervisor started
Pid: #PID<0.114.0>
Start Call: Logger.Backends.Internal.start_link([])
Restart: :permanent
Shutdown: :infinity
Type: :supervisor
09:33:05.595 [info] Application logger started at :nonode@nohost
09:33:06.812 [error] FATAL: Lexical is not compatible with Erlang/OTP 26.0.0

Lexical is compatible with the following versions of Erlang/OTP:

  >= 24.3.4
  >= 25.0.0
  >= 26.0.2
  >= 27.0.0

